{"name": "test_app_lock_time", "status": "broken", "statusDetails": {"message": "selenium.common.exceptions.TimeoutException: Message: \nStacktrace:\nNoSuchElementError: An element could not be located on the page using the given search parameters.\n    at AndroidUiautomator2Driver.findElOrEls (C:\\Users\\admin\\AppData\\Roaming\\npm\\node_modules\\appium\\node_modules\\appium-android-driver\\lib\\commands\\find.js:75:11)\n    at runMicrotasks (<anonymous>)\n    at processTicksAndRejections (node:internal/process/task_queues:96:5)\n    at AndroidUiautomator2Driver.findElOrElsWithProcessing (C:\\Users\\admin\\AppData\\Roaming\\npm\\node_modules\\appium\\node_modules\\appium-base-driver\\lib\\basedriver\\commands\\find.js:33:12)\n    at AndroidUiautomator2Driver.findElement (C:\\Users\\admin\\AppData\\Roaming\\npm\\node_modules\\appium\\node_modules\\appium-base-driver\\lib\\basedriver\\commands\\find.js:53:10)", "trace": "self = <tests.test_app_lock_time.TestAppLockTime object at 0x00000296CAFBE4B0>, init = None\n\n    def test_app_lock_time(self, init):\n>       assert self.app_lock_time_f.check_app_lock_time()\n\ntests\\test_app_lock_time.py:6: \n_ _ _ _ _ _ _ _ _ _ _ _ _ _ _ _ _ _ _ _ _ _ _ _ _ _ _ _ _ _ _ _ _ _ _ _ _ _ _ _ _ _ _ _ _ _ _ _ _ _ _ _ _ _ _ _ _ _ _ _ _ _ _ _ _ _ _ _ _ _ _ _ _ _ _ _ _ _ _\nflows\\android_flow\\app_lock_time_flow.py:17: in check_app_lock_time\n    self.welcome_screen.is_enter_pin_code_screen_open()\nscreens\\android\\welcome_screen.py:65: in is_enter_pin_code_screen_open\n    if \"PIN kodni kiriting\" in self.get_element_text(self.pin_code_screen_title):\nscreens\\screen.py:226: in get_element_text\n    element = self.get_element(locator)\nscreens\\screen.py:31: in get_element\n    return self.get_element_by_type(method, values)\nscreens\\screen.py:65: in get_element_by_type\n    return WebDriverWait(self.driver, 70).until(ec.visibility_of_element_located((AppiumBy.ID, value)))\n_ _ _ _ _ _ _ _ _ _ _ _ _ _ _ _ _ _ _ _ _ _ _ _ _ _ _ _ _ _ _ _ _ _ _ _ _ _ _ _ _ _ _ _ _ _ _ _ _ _ _ _ _ _ _ _ _ _ _ _ _ _ _ _ _ _ _ _ _ _ _ _ _ _ _ _ _ _ _\n\nself = <selenium.webdriver.support.wait.WebDriverWait (session=\"5efc328f-07f1-4cd4-b4a8-14a3cb0bf897\")>\nmethod = <function visibility_of_element_located.<locals>._predicate at 0x00000296CB1AEFC0>, message = ''\n\n    def until(self, method, message: str = \"\"):\n        \"\"\"Calls the method provided with the driver as an argument until the \\\n        return value does not evaluate to ``False``.\n    \n        :param method: callable(WebDriver)\n        :param message: optional message for :exc:`TimeoutException`\n        :returns: the result of the last call to `method`\n        :raises: :exc:`selenium.common.exceptions.TimeoutException` if timeout occurs\n        \"\"\"\n        screen = None\n        stacktrace = None\n    \n        end_time = time.monotonic() + self._timeout\n        while True:\n            try:\n                value = method(self._driver)\n                if value:\n                    return value\n            except self._ignored_exceptions as exc:\n                screen = getattr(exc, \"screen\", None)\n                stacktrace = getattr(exc, \"stacktrace\", None)\n            time.sleep(self._poll)\n            if time.monotonic() > end_time:\n                break\n>       raise TimeoutException(message, screen, stacktrace)\nE       selenium.common.exceptions.TimeoutException: Message: \nE       Stacktrace:\nE       NoSuchElementError: An element could not be located on the page using the given search parameters.\nE           at AndroidUiautomator2Driver.findElOrEls (C:\\Users\\admin\\AppData\\Roaming\\npm\\node_modules\\appium\\node_modules\\appium-android-driver\\lib\\commands\\find.js:75:11)\nE           at runMicrotasks (<anonymous>)\nE           at processTicksAndRejections (node:internal/process/task_queues:96:5)\nE           at AndroidUiautomator2Driver.findElOrElsWithProcessing (C:\\Users\\admin\\AppData\\Roaming\\npm\\node_modules\\appium\\node_modules\\appium-base-driver\\lib\\basedriver\\commands\\find.js:33:12)\nE           at AndroidUiautomator2Driver.findElement (C:\\Users\\admin\\AppData\\Roaming\\npm\\node_modules\\appium\\node_modules\\appium-base-driver\\lib\\basedriver\\commands\\find.js:53:10)\n\nvenv\\Lib\\site-packages\\selenium\\webdriver\\support\\wait.py:95: TimeoutException"}, "attachments": [{"name": "log", "source": "90c36de0-2451-4200-a33f-da5fee3e3018-attachment.txt", "type": "text/plain"}], "start": 1701093416869, "stop": 1701093505211, "uuid": "e4ec7de1-adfc-45be-ae65-81c7581afc2a", "historyId": "e91c7700527f5b6e743361967bcbbeee", "testCaseId": "e91c7700527f5b6e743361967bcbbeee", "fullName": "tests.test_app_lock_time.TestAppLockTime#test_app_lock_time", "labels": [{"name": "tag", "value": "@pytest.mark.usefixtures('setup_virtual_device', 'get_screenshot_on_failed_case')"}, {"name": "parentSuite", "value": "tests"}, {"name": "suite", "value": "test_app_lock_time"}, {"name": "subSuite", "value": "TestAppLockTime"}, {"name": "host", "value": "DESKTOP-064UMNA"}, {"name": "thread", "value": "14716-MainThread"}, {"name": "framework", "value": "pytest"}, {"name": "language", "value": "cpython3"}, {"name": "package", "value": "tests.test_app_lock_time"}]}