{"name": "test_login", "status": "broken", "statusDetails": {"message": "selenium.common.exceptions.TimeoutException: Message: \nStacktrace:\nNoSuchElementError: An element could not be located on the page using the given search parameters.\n    at AndroidUiautomator2Driver.findElOrEls (C:\\Users\\admin\\AppData\\Roaming\\npm\\node_modules\\appium\\node_modules\\appium-android-driver\\lib\\commands\\find.js:75:11)\n    at runMicrotasks (<anonymous>)\n    at processTicksAndRejections (node:internal/process/task_queues:96:5)\n    at AndroidUiautomator2Driver.findElOrElsWithProcessing (C:\\Users\\admin\\AppData\\Roaming\\npm\\node_modules\\appium\\node_modules\\appium-base-driver\\lib\\basedriver\\commands\\find.js:33:12)\n    at AndroidUiautomator2Driver.findElement (C:\\Users\\admin\\AppData\\Roaming\\npm\\node_modules\\appium\\node_modules\\appium-base-driver\\lib\\basedriver\\commands\\find.js:53:10)", "trace": "self = <tests.test_login.TestLogin object at 0x000001A26DCDD610>, init = None\n\n    def test_login(self, init):\n>       assert self.login_f.check_login(\"905439771\", \"19952913MXtuit\")\n\ntests\\test_login.py:6: \n_ _ _ _ _ _ _ _ _ _ _ _ _ _ _ _ _ _ _ _ _ _ _ _ _ _ _ _ _ _ _ _ _ _ _ _ _ _ _ _ _ _ _ _ _ _ _ _ _ _ _ _ _ _ _ _ _ _ _ _ _ _ _ _ _ _ _ _ _ _ _ _ _ _ _ _ _ _ _\nflows\\android_flow\\login_flow.py:24: in check_login\n    assert self.welcome_screen.is_otp_tasdiqlash_screen_open()\nscreens\\android\\welcome_screen.py:70: in is_otp_tasdiqlash_screen_open\n    if self.is_visible(self.tasdiqlash_screen_title):\nscreens\\screen.py:125: in is_visible\n    return self.get_element(locator).is_displayed()\nscreens\\screen.py:31: in get_element\n    return self.get_element_by_type(method, values)\nscreens\\screen.py:65: in get_element_by_type\n    return WebDriverWait(self.driver, 70).until(ec.visibility_of_element_located((AppiumBy.ID, value)))\n_ _ _ _ _ _ _ _ _ _ _ _ _ _ _ _ _ _ _ _ _ _ _ _ _ _ _ _ _ _ _ _ _ _ _ _ _ _ _ _ _ _ _ _ _ _ _ _ _ _ _ _ _ _ _ _ _ _ _ _ _ _ _ _ _ _ _ _ _ _ _ _ _ _ _ _ _ _ _\n\nself = <selenium.webdriver.support.wait.WebDriverWait (session=\"26f9c1dd-c602-4930-ad00-e7b84e97d8a3\")>\nmethod = <function visibility_of_element_located.<locals>._predicate at 0x000001A26DD47D80>, message = ''\n\n    def until(self, method, message: str = \"\"):\n        \"\"\"Calls the method provided with the driver as an argument until the \\\n        return value does not evaluate to ``False``.\n    \n        :param method: callable(WebDriver)\n        :param message: optional message for :exc:`TimeoutException`\n        :returns: the result of the last call to `method`\n        :raises: :exc:`selenium.common.exceptions.TimeoutException` if timeout occurs\n        \"\"\"\n        screen = None\n        stacktrace = None\n    \n        end_time = time.monotonic() + self._timeout\n        while True:\n            try:\n                value = method(self._driver)\n                if value:\n                    return value\n            except self._ignored_exceptions as exc:\n                screen = getattr(exc, \"screen\", None)\n                stacktrace = getattr(exc, \"stacktrace\", None)\n            time.sleep(self._poll)\n            if time.monotonic() > end_time:\n                break\n>       raise TimeoutException(message, screen, stacktrace)\nE       selenium.common.exceptions.TimeoutException: Message: \nE       Stacktrace:\nE       NoSuchElementError: An element could not be located on the page using the given search parameters.\nE           at AndroidUiautomator2Driver.findElOrEls (C:\\Users\\admin\\AppData\\Roaming\\npm\\node_modules\\appium\\node_modules\\appium-android-driver\\lib\\commands\\find.js:75:11)\nE           at runMicrotasks (<anonymous>)\nE           at processTicksAndRejections (node:internal/process/task_queues:96:5)\nE           at AndroidUiautomator2Driver.findElOrElsWithProcessing (C:\\Users\\admin\\AppData\\Roaming\\npm\\node_modules\\appium\\node_modules\\appium-base-driver\\lib\\basedriver\\commands\\find.js:33:12)\nE           at AndroidUiautomator2Driver.findElement (C:\\Users\\admin\\AppData\\Roaming\\npm\\node_modules\\appium\\node_modules\\appium-base-driver\\lib\\basedriver\\commands\\find.js:53:10)\n\nvenv\\Lib\\site-packages\\selenium\\webdriver\\support\\wait.py:95: TimeoutException"}, "attachments": [{"name": "log", "source": "c024e8b9-f563-45c2-bc51-f37f324a3098-attachment.txt", "type": "text/plain"}], "start": 1701051543539, "stop": 1701051635283, "uuid": "3d873674-3b42-4875-875b-18aaed81c6d5", "historyId": "2116f0ad00ab1de0effc54f114dd9496", "testCaseId": "2116f0ad00ab1de0effc54f114dd9496", "fullName": "tests.test_login.TestLogin#test_login", "labels": [{"name": "tag", "value": "@pytest.mark.usefixtures('setup_virtual_device', 'get_screenshot_on_failed_case')"}, {"name": "parentSuite", "value": "tests"}, {"name": "suite", "value": "test_login"}, {"name": "subSuite", "value": "TestLogin"}, {"name": "host", "value": "DESKTOP-064UMNA"}, {"name": "thread", "value": "7316-MainThread"}, {"name": "framework", "value": "pytest"}, {"name": "language", "value": "cpython3"}, {"name": "package", "value": "tests.test_login"}]}